This is pdfTeX, Version 3.14159265-2.6-1.40.20 (TeX Live 2019/Debian) (preloaded format=pdflatex 2024.3.16)  24 APR 2024 00:26
entering extended mode
 restricted \write18 enabled.
 %&-line parsing enabled.
**bare_jrnl_new_sample4.tex
(./bare_jrnl_new_sample4.tex
LaTeX2e <2020-02-02> patch level 2
L3 programming layer <2020-02-14>
(/usr/share/texlive/texmf-dist/tex/latex/IEEEtran/IEEEtran.cls
Document Class: IEEEtran 2015/08/26 V1.8b by Michael Shell
-- See the "IEEEtran_HOWTO" manual for usage information.
-- http://www.michaelshell.org/tex/ieeetran/
\@IEEEtrantmpdimenA=\dimen134
\@IEEEtrantmpdimenB=\dimen135
\@IEEEtrantmpdimenC=\dimen136
\@IEEEtrantmpcountA=\count167
\@IEEEtrantmpcountB=\count168
\@IEEEtrantmpcountC=\count169
\@IEEEtrantmptoksA=\toks14
LaTeX Font Info:    Trying to load font information for OT1+ptm on input line 5
03.
(/usr/share/texlive/texmf-dist/tex/latex/psnfss/ot1ptm.fd
File: ot1ptm.fd 2001/06/04 font definitions for OT1/ptm.
)
-- Using 8.5in x 11in (letter) paper.
-- Using PDF output.
\@IEEEnormalsizeunitybaselineskip=\dimen137
-- This is a 10 point document.
\CLASSINFOnormalsizebaselineskip=\dimen138
\CLASSINFOnormalsizeunitybaselineskip=\dimen139
\IEEEnormaljot=\dimen140
LaTeX Font Info:    Font shape `OT1/ptm/bx/n' in size <5> not available
(Font)              Font shape `OT1/ptm/b/n' tried instead on input line 1090.
LaTeX Font Info:    Font shape `OT1/ptm/bx/it' in size <5> not available
(Font)              Font shape `OT1/ptm/b/it' tried instead on input line 1090.

LaTeX Font Info:    Font shape `OT1/ptm/bx/n' in size <7> not available
(Font)              Font shape `OT1/ptm/b/n' tried instead on input line 1090.
LaTeX Font Info:    Font shape `OT1/ptm/bx/it' in size <7> not available
(Font)              Font shape `OT1/ptm/b/it' tried instead on input line 1090.

LaTeX Font Info:    Font shape `OT1/ptm/bx/n' in size <8> not available
(Font)              Font shape `OT1/ptm/b/n' tried instead on input line 1090.
LaTeX Font Info:    Font shape `OT1/ptm/bx/it' in size <8> not available
(Font)              Font shape `OT1/ptm/b/it' tried instead on input line 1090.

LaTeX Font Info:    Font shape `OT1/ptm/bx/n' in size <9> not available
(Font)              Font shape `OT1/ptm/b/n' tried instead on input line 1090.
LaTeX Font Info:    Font shape `OT1/ptm/bx/it' in size <9> not available
(Font)              Font shape `OT1/ptm/b/it' tried instead on input line 1090.

LaTeX Font Info:    Font shape `OT1/ptm/bx/n' in size <10> not available
(Font)              Font shape `OT1/ptm/b/n' tried instead on input line 1090.
LaTeX Font Info:    Font shape `OT1/ptm/bx/it' in size <10> not available
(Font)              Font shape `OT1/ptm/b/it' tried instead on input line 1090.

LaTeX Font Info:    Font shape `OT1/ptm/bx/n' in size <11> not available
(Font)              Font shape `OT1/ptm/b/n' tried instead on input line 1090.
LaTeX Font Info:    Font shape `OT1/ptm/bx/it' in size <11> not available
(Font)              Font shape `OT1/ptm/b/it' tried instead on input line 1090.

LaTeX Font Info:    Font shape `OT1/ptm/bx/n' in size <12> not available
(Font)              Font shape `OT1/ptm/b/n' tried instead on input line 1090.
LaTeX Font Info:    Font shape `OT1/ptm/bx/it' in size <12> not available
(Font)              Font shape `OT1/ptm/b/it' tried instead on input line 1090.

LaTeX Font Info:    Font shape `OT1/ptm/bx/n' in size <17> not available
(Font)              Font shape `OT1/ptm/b/n' tried instead on input line 1090.
LaTeX Font Info:    Font shape `OT1/ptm/bx/it' in size <17> not available
(Font)              Font shape `OT1/ptm/b/it' tried instead on input line 1090.

LaTeX Font Info:    Font shape `OT1/ptm/bx/n' in size <20> not available
(Font)              Font shape `OT1/ptm/b/n' tried instead on input line 1090.
LaTeX Font Info:    Font shape `OT1/ptm/bx/it' in size <20> not available
(Font)              Font shape `OT1/ptm/b/it' tried instead on input line 1090.

LaTeX Font Info:    Font shape `OT1/ptm/bx/n' in size <24> not available
(Font)              Font shape `OT1/ptm/b/n' tried instead on input line 1090.
LaTeX Font Info:    Font shape `OT1/ptm/bx/it' in size <24> not available
(Font)              Font shape `OT1/ptm/b/it' tried instead on input line 1090.

\IEEEquantizedlength=\dimen141
\IEEEquantizedlengthdiff=\dimen142
\IEEEquantizedtextheightdiff=\dimen143
\IEEEilabelindentA=\dimen144
\IEEEilabelindentB=\dimen145
\IEEEilabelindent=\dimen146
\IEEEelabelindent=\dimen147
\IEEEdlabelindent=\dimen148
\IEEElabelindent=\dimen149
\IEEEiednormlabelsep=\dimen150
\IEEEiedmathlabelsep=\dimen151
\IEEEiedtopsep=\skip47
\c@section=\count170
\c@subsection=\count171
\c@subsubsection=\count172
\c@paragraph=\count173
\c@IEEEsubequation=\count174
\abovecaptionskip=\skip48
\belowcaptionskip=\skip49
\c@figure=\count175
\c@table=\count176
\@IEEEeqnnumcols=\count177
\@IEEEeqncolcnt=\count178
\@IEEEsubeqnnumrollback=\count179
\@IEEEquantizeheightA=\dimen152
\@IEEEquantizeheightB=\dimen153
\@IEEEquantizeheightC=\dimen154
\@IEEEquantizeprevdepth=\dimen155
\@IEEEquantizemultiple=\count180
\@IEEEquantizeboxA=\box45
\@IEEEtmpitemindent=\dimen156
\IEEEPARstartletwidth=\dimen157
\c@IEEEbiography=\count181
\@IEEEtranrubishbin=\box46
) (/usr/share/texlive/texmf-dist/tex/latex/amsmath/amsmath.sty
Package: amsmath 2020/01/20 v2.17e AMS math features
\@mathmargin=\skip50

For additional information on amsmath, use the `?' option.
(/usr/share/texlive/texmf-dist/tex/latex/amsmath/amstext.sty
Package: amstext 2000/06/29 v2.01 AMS text

(/usr/share/texlive/texmf-dist/tex/latex/amsmath/amsgen.sty
File: amsgen.sty 1999/11/30 v2.0 generic functions
\@emptytoks=\toks15
\ex@=\dimen158
))
(/usr/share/texlive/texmf-dist/tex/latex/amsmath/amsbsy.sty
Package: amsbsy 1999/11/29 v1.2d Bold Symbols
\pmbraise@=\dimen159
)
(/usr/share/texlive/texmf-dist/tex/latex/amsmath/amsopn.sty
Package: amsopn 2016/03/08 v2.02 operator names
)
\inf@bad=\count182
LaTeX Info: Redefining \frac on input line 227.
\uproot@=\count183
\leftroot@=\count184
LaTeX Info: Redefining \overline on input line 389.
\classnum@=\count185
\DOTSCASE@=\count186
LaTeX Info: Redefining \ldots on input line 486.
LaTeX Info: Redefining \dots on input line 489.
LaTeX Info: Redefining \cdots on input line 610.
\Mathstrutbox@=\box47
\strutbox@=\box48
\big@size=\dimen160
LaTeX Font Info:    Redeclaring font encoding OML on input line 733.
LaTeX Font Info:    Redeclaring font encoding OMS on input line 734.
\macc@depth=\count187
\c@MaxMatrixCols=\count188
\dotsspace@=\muskip16
\c@parentequation=\count189
\dspbrk@lvl=\count190
\tag@help=\toks16
\row@=\count191
\column@=\count192
\maxfields@=\count193
\andhelp@=\toks17
\eqnshift@=\dimen161
\alignsep@=\dimen162
\tagshift@=\dimen163
\tagwidth@=\dimen164
\totwidth@=\dimen165
\lineht@=\dimen166
\@envbody=\toks18
\multlinegap=\skip51
\multlinetaggap=\skip52
\mathdisplay@stack=\toks19
LaTeX Info: Redefining \[ on input line 2859.
LaTeX Info: Redefining \] on input line 2860.
)
(/usr/share/texlive/texmf-dist/tex/latex/amsfonts/amsfonts.sty
Package: amsfonts 2013/01/14 v3.01 Basic AMSFonts support
\symAMSa=\mathgroup4
\symAMSb=\mathgroup5
LaTeX Font Info:    Redeclaring math symbol \hbar on input line 98.
LaTeX Font Info:    Overwriting math alphabet `\mathfrak' in version `bold'
(Font)                  U/euf/m/n --> U/euf/b/n on input line 106.
)
(/usr/share/texlive/texmf-dist/tex/latex/tools/array.sty
Package: array 2019/08/31 v2.4l Tabular extension package (FMi)
\col@sep=\dimen167
\ar@mcellbox=\box49
\extrarowheight=\dimen168
\NC@list=\toks20
\extratabsurround=\skip53
\backup@length=\skip54
\ar@cellbox=\box50
)
(/usr/share/texlive/texmf-dist/tex/latex/subfig/subfig.sty
Package: subfig 2005/06/28 ver: 1.3 subfig package

(/usr/share/texlive/texmf-dist/tex/latex/graphics/keyval.sty
Package: keyval 2014/10/28 v1.15 key=value parser (DPC)
\KV@toks@=\toks21
)
(/usr/share/texlive/texmf-dist/tex/latex/caption/caption3.sty
Package: caption3 2020/01/03 v1.8h caption3 kernel (AR)
Package caption3 Info: TeX engine: e-TeX on input line 61.
\captionmargin=\dimen169
\captionmargin@=\dimen170
\captionwidth=\dimen171
\caption@tempdima=\dimen172
\caption@indent=\dimen173
\caption@parindent=\dimen174
\caption@hangindent=\dimen175
Package caption Info: Unknown document class (or package),
(caption)             standard defaults will be used.
Package caption Info: \@makecaption = \long macro:#1#2->\ifx \@captype \@IEEEta
blestring \footnotesize \bgroup \par \centering \@IEEEtabletopskipstrut {\norma
lfont \footnotesize #1}\\{\normalfont \footnotesize \scshape #2}\par \addvspace
 {0.5\baselineskip }\egroup \@IEEEtablecaptionsepspace \else \@IEEEfigurecaptio
nsepspace \setbox \@tempboxa \hbox {\normalfont \footnotesize {#1.}\nobreakspac
e \nobreakspace #2}\ifdim \wd \@tempboxa >\hsize \setbox \@tempboxa \hbox {\nor
malfont \footnotesize {#1.}\nobreakspace \nobreakspace }\parbox [t]{\hsize }{\n
ormalfont \footnotesize \noindent \unhbox \@tempboxa #2}\else \ifCLASSOPTIONcon
ference \hbox to\hsize {\normalfont \footnotesize \hfil \box \@tempboxa \hfil }
\else \hbox to\hsize {\normalfont \footnotesize \box \@tempboxa \hfil }\fi \fi 
\fi  on input line 1082.
)
\c@KVtest=\count194
\sf@farskip=\skip55
\sf@captopadj=\dimen176
\sf@capskip=\skip56
\sf@nearskip=\skip57
\c@subfigure=\count195
\c@subfigure@save=\count196
\c@lofdepth=\count197
\c@subtable=\count198
\c@subtable@save=\count199
\c@lotdepth=\count266
\sf@top=\skip58
\sf@bottom=\skip59
)
(/usr/share/texlive/texmf-dist/tex/latex/base/textcomp.sty
Package: textcomp 2020/02/02 v2.0n Standard LaTeX package
)
(/usr/share/texlive/texmf-dist/tex/latex/sttools/stfloats.sty
Package: stfloats 2017/03/27 v3.3 Improve float mechanism and baselineskip sett
ings
\@dblbotnum=\count267
\c@dblbotnumber=\count268
)
(/usr/share/texlive/texmf-dist/tex/latex/url/url.sty
\Urlmuskip=\muskip17
Package: url 2013/09/16  ver 3.4  Verb mode for urls, etc.
)
(/usr/share/texlive/texmf-dist/tex/latex/tools/verbatim.sty
Package: verbatim 2019/11/10 v1.5r LaTeX2e package for verbatim enhancements
\every@verbatim=\toks22
\verbatim@line=\toks23
\verbatim@in@stream=\read2
)
(/usr/share/texlive/texmf-dist/tex/latex/graphics/graphicx.sty
Package: graphicx 2019/11/30 v1.2a Enhanced LaTeX Graphics (DPC,SPQR)

(/usr/share/texlive/texmf-dist/tex/latex/graphics/graphics.sty
Package: graphics 2019/11/30 v1.4a Standard LaTeX Graphics (DPC,SPQR)

(/usr/share/texlive/texmf-dist/tex/latex/graphics/trig.sty
Package: trig 2016/01/03 v1.10 sin cos tan (DPC)
)
(/usr/share/texlive/texmf-dist/tex/latex/graphics-cfg/graphics.cfg
File: graphics.cfg 2016/06/04 v1.11 sample graphics configuration
)
Package graphics Info: Driver file: pdftex.def on input line 105.

(/usr/share/texlive/texmf-dist/tex/latex/graphics-def/pdftex.def
File: pdftex.def 2018/01/08 v1.0l Graphics/color driver for pdftex
))
\Gin@req@height=\dimen177
\Gin@req@width=\dimen178
)
(/usr/share/texlive/texmf-dist/tex/latex/algorithm2e/algorithm2e.sty
Package: algorithm2e 2017/07/18 v5.2 algorithms environments
\c@AlgoLine=\count269

(/usr/share/texlive/texmf-dist/tex/latex/base/ifthen.sty
Package: ifthen 2014/09/29 v1.1c Standard LaTeX ifthen package (DPC)
)
\algocf@hangindent=\skip60

(/usr/share/texlive/texmf-dist/tex/latex/ifoddpage/ifoddpage.sty
Package: ifoddpage 2016/04/23 v1.1 Conditionals for odd/even page detection
\c@checkoddpage=\count270
)
(/usr/share/texlive/texmf-dist/tex/latex/tools/xspace.sty
Package: xspace 2014/10/28 v1.13 Space after command names (DPC,MH)
)
(/usr/share/texlive/texmf-dist/tex/latex/relsize/relsize.sty
Package: relsize 2013/03/29 ver 4.1
)
\skiptotal=\skip61
\skiplinenumber=\skip62
\skiprule=\skip63
\skiphlne=\skip64
\skiptext=\skip65
\skiplength=\skip66
\algomargin=\skip67
\skipalgocfslide=\skip68
\algowidth=\dimen179
\inoutsize=\dimen180
\inoutindent=\dimen181
\interspacetitleruled=\dimen182
\interspacealgoruled=\dimen183
\interspacetitleboxruled=\dimen184
\algocf@ruledwidth=\skip69
\algocf@inoutbox=\box51
\algocf@inputbox=\box52
\AlCapSkip=\skip70
\AlCapHSkip=\skip71
\algoskipindent=\skip72
\algocf@nlbox=\box53
\algocf@hangingbox=\box54
\algocf@untilbox=\box55
\algocf@skipuntil=\skip73
\algocf@capbox=\box56
\algocf@lcaptionbox=\skip74
\algoheightruledefault=\skip75
\algoheightrule=\skip76
\algotitleheightruledefault=\skip77
\algotitleheightrule=\skip78
\c@algocfline=\count271
\c@algocfproc=\count272
\c@algocf=\count273
\algocf@algoframe=\box57
\algocf@algobox=\box58
)
(/usr/share/texlive/texmf-dist/tex/latex/algorithmicx/algcompatible.sty
Package: algcompatible 

(/usr/share/texlive/texmf-dist/tex/latex/algorithmicx/algorithmicx.sty
Package: algorithmicx 2005/04/27 v1.2 Algorithmicx

Document Style algorithmicx 1.2 - a greatly improved `algorithmic' style
\c@ALG@line=\count274
\c@ALG@rem=\count275
\c@ALG@nested=\count276
\ALG@tlm=\skip79
\ALG@thistlm=\skip80
\c@ALG@Lnr=\count277
\c@ALG@blocknr=\count278
\c@ALG@storecount=\count279
\c@ALG@tmpcounter=\count280
\ALG@tmplength=\skip81
)
Document Style - algorithmic compatible environments for the `algorithmicx' sty
le
) (/usr/share/texlive/texmf-dist/tex/latex/makecell/makecell.sty
Package: makecell 2009/08/03 V0.1e Managing of Tab Column Heads and Cells
\rotheadsize=\dimen185
\c@nlinenum=\count281
\TeXr@lab=\toks24
)
(/usr/share/texlive/texmf-dist/tex/latex/biblatex/biblatex.sty
Package: biblatex 2019/12/01 v3.14 programmable bibliographies (PK/MW)

(/usr/share/texlive/texmf-dist/tex/latex/pdftexcmds/pdftexcmds.sty
Package: pdftexcmds 2019/11/24 v0.31 Utility functions of pdfTeX for LuaTeX (HO
)

(/usr/share/texlive/texmf-dist/tex/generic/infwarerr/infwarerr.sty
Package: infwarerr 2019/12/03 v1.5 Providing info/warning/error messages (HO)
)
(/usr/share/texlive/texmf-dist/tex/generic/iftex/iftex.sty
Package: iftex 2019/11/07 v1.0c TeX engine tests
)
(/usr/share/texlive/texmf-dist/tex/generic/ltxcmds/ltxcmds.sty
Package: ltxcmds 2019/12/15 v1.24 LaTeX kernel commands for general use (HO)
)
Package pdftexcmds Info: \pdf@primitive is available.
Package pdftexcmds Info: \pdf@ifprimitive is available.
Package pdftexcmds Info: \pdfdraftmode found.
)
(/usr/share/texlive/texmf-dist/tex/latex/etoolbox/etoolbox.sty
Package: etoolbox 2019/09/21 v2.5h e-TeX tools for LaTeX (JAW)
\etb@tempcnta=\count282
)
(/usr/share/texlive/texmf-dist/tex/latex/kvoptions/kvoptions.sty
Package: kvoptions 2019/11/29 v3.13 Key value format for package options (HO)

(/usr/share/texlive/texmf-dist/tex/generic/kvsetkeys/kvsetkeys.sty
Package: kvsetkeys 2019/12/15 v1.18 Key value parser (HO)
))
(/usr/share/texlive/texmf-dist/tex/latex/logreq/logreq.sty
Package: logreq 2010/08/04 v1.0 xml request logger
\lrq@indent=\count283

(/usr/share/texlive/texmf-dist/tex/latex/logreq/logreq.def
File: logreq.def 2010/08/04 v1.0 logreq spec v1.0
))
\c@tabx@nest=\count284
\c@listtotal=\count285
\c@listcount=\count286
\c@liststart=\count287
\c@liststop=\count288
\c@citecount=\count289
\c@citetotal=\count290
\c@multicitecount=\count291
\c@multicitetotal=\count292
\c@instcount=\count293
\c@maxnames=\count294
\c@minnames=\count295
\c@maxitems=\count296
\c@minitems=\count297
\c@citecounter=\count298
\c@maxcitecounter=\count299
\c@savedcitecounter=\count300
\c@uniquelist=\count301
\c@uniquename=\count302
\c@refsection=\count303
\c@refsegment=\count304
\c@maxextratitle=\count305
\c@maxextratitleyear=\count306
\c@maxextraname=\count307
\c@maxextradate=\count308
\c@maxextraalpha=\count309
\c@abbrvpenalty=\count310
\c@highnamepenalty=\count311
\c@lownamepenalty=\count312
\c@maxparens=\count313
\c@parenlevel=\count314
\blx@tempcnta=\count315
\blx@tempcntb=\count316
\blx@tempcntc=\count317
\blx@maxsection=\count318
\blx@maxsegment@0=\count319
\blx@notetype=\count320
\blx@parenlevel@text=\count321
\blx@parenlevel@foot=\count322
\blx@sectionciteorder@0=\count323
\blx@entrysetcounter=\count324
\labelnumberwidth=\skip82
\labelalphawidth=\skip83
\biblabelsep=\skip84
\bibitemsep=\skip85
\bibnamesep=\skip86
\bibinitsep=\skip87
\bibparsep=\skip88
\bibhang=\skip89
\blx@bcfin=\read3
\blx@bcfout=\write3
\blx@langwohyphens=\language85
\c@mincomprange=\count325
\c@maxcomprange=\count326
\c@mincompwidth=\count327
Package biblatex Info: Trying to load biblatex default data model...
Package biblatex Info: ... file 'blx-dm.def' found.

(/usr/share/texlive/texmf-dist/tex/latex/biblatex/blx-dm.def
File: blx-dm.def 2019/12/01 v3.14 biblatex localization (PK/MW)
)
Package biblatex Info: Trying to load biblatex custom data model...
Package biblatex Info: ... file 'biblatex-dm.cfg' not found.
\c@afterword=\count328
\c@savedafterword=\count329
\c@annotator=\count330
\c@savedannotator=\count331
\c@author=\count332
\c@savedauthor=\count333
\c@bookauthor=\count334
\c@savedbookauthor=\count335
\c@commentator=\count336
\c@savedcommentator=\count337
\c@editor=\count338
\c@savededitor=\count339
\c@editora=\count340
\c@savededitora=\count341
\c@editorb=\count342
\c@savededitorb=\count343
\c@editorc=\count344
\c@savededitorc=\count345
\c@foreword=\count346
\c@savedforeword=\count347
\c@holder=\count348
\c@savedholder=\count349
\c@introduction=\count350
\c@savedintroduction=\count351
\c@namea=\count352
\c@savednamea=\count353
\c@nameb=\count354
\c@savednameb=\count355
\c@namec=\count356
\c@savednamec=\count357
\c@translator=\count358
\c@savedtranslator=\count359
\c@shortauthor=\count360
\c@savedshortauthor=\count361
\c@shorteditor=\count362
\c@savedshorteditor=\count363
\c@labelname=\count364
\c@savedlabelname=\count365
\c@institution=\count366
\c@savedinstitution=\count367
\c@lista=\count368
\c@savedlista=\count369
\c@listb=\count370
\c@savedlistb=\count371
\c@listc=\count372
\c@savedlistc=\count373
\c@listd=\count374
\c@savedlistd=\count375
\c@liste=\count376
\c@savedliste=\count377
\c@listf=\count378
\c@savedlistf=\count379
\c@location=\count380
\c@savedlocation=\count381
\c@organization=\count382
\c@savedorganization=\count383
\c@origlocation=\count384
\c@savedoriglocation=\count385
\c@origpublisher=\count386
\c@savedorigpublisher=\count387
\c@publisher=\count388
\c@savedpublisher=\count389
\c@language=\count390
\c@savedlanguage=\count391
\c@origlanguage=\count392
\c@savedoriglanguage=\count393
\c@pageref=\count394
\c@savedpageref=\count395
\shorthandwidth=\skip90
\shortjournalwidth=\skip91
\shortserieswidth=\skip92
\shorttitlewidth=\skip93
\shortauthorwidth=\skip94
\shorteditorwidth=\skip95
\locallabelnumberwidth=\skip96
\locallabelalphawidth=\skip97
\localshorthandwidth=\skip98
\localshortjournalwidth=\skip99
\localshortserieswidth=\skip100
\localshorttitlewidth=\skip101
\localshortauthorwidth=\skip102
\localshorteditorwidth=\skip103
Package biblatex Info: Trying to load compatibility code...
Package biblatex Info: ... file 'blx-compat.def' found.

(/usr/share/texlive/texmf-dist/tex/latex/biblatex/blx-compat.def
File: blx-compat.def 2019/12/01 v3.14 biblatex compatibility (PK/MW)
)
Package biblatex Info: Trying to load BibTeX backend compatibility...
Package biblatex Info: ... file 'blx-bibtex.def' found.

(/usr/share/texlive/texmf-dist/tex/latex/biblatex/blx-bibtex.def
File: blx-bibtex.def 2019/12/01 v3.14 biblatex compatibility (PK/MW)


Package biblatex Warning: Using fall-back BibTeX(8) backend:
(biblatex)                functionality may be reduced/unavailable.

)
Package biblatex Info: Trying to load generic definitions...
Package biblatex Info: ... file 'biblatex.def' found.
 (/usr/share/texlive/texmf-dist/tex/latex/biblatex/biblatex.def
File: biblatex.def 2019/12/01 v3.14 biblatex compatibility (PK/MW)
\c@textcitecount=\count396
\c@textcitetotal=\count397
\c@textcitemaxnames=\count398
\c@biburlbigbreakpenalty=\count399
\c@biburlbreakpenalty=\count400
\c@biburlnumpenalty=\count401
\c@biburlucpenalty=\count402
\c@biburllcpenalty=\count403
\biburlbigskip=\muskip18
\biburlnumskip=\muskip19
\biburlucskip=\muskip20
\biburllcskip=\muskip21
\c@smartand=\count404
)
Package biblatex Info: Trying to load bibliography style 'numeric'...
Package biblatex Info: ... file 'numeric.bbx' found.

(/usr/share/texlive/texmf-dist/tex/latex/biblatex/bbx/numeric.bbx
File: numeric.bbx 2019/12/01 v3.14 biblatex bibliography style (PK/MW)
Package biblatex Info: Trying to load bibliography style 'standard'...
Package biblatex Info: ... file 'standard.bbx' found.

(/usr/share/texlive/texmf-dist/tex/latex/biblatex/bbx/standard.bbx
File: standard.bbx 2019/12/01 v3.14 biblatex bibliography style (PK/MW)
\c@bbx:relatedcount=\count405
\c@bbx:relatedtotal=\count406
))
Package biblatex Info: Trying to load citation style 'numeric'...
Package biblatex Info: ... file 'numeric.cbx' found.

(/usr/share/texlive/texmf-dist/tex/latex/biblatex/cbx/numeric.cbx
File: numeric.cbx 2019/12/01 v3.14 biblatex citation style (PK/MW)
Package biblatex Info: Redefining '\cite'.
Package biblatex Info: Redefining '\parencite'.
Package biblatex Info: Redefining '\footcite'.
Package biblatex Info: Redefining '\footcitetext'.
Package biblatex Info: Redefining '\smartcite'.
Package biblatex Info: Redefining '\supercite'.
Package biblatex Info: Redefining '\textcite'.
Package biblatex Info: Redefining '\textcites'.
Package biblatex Info: Redefining '\cites'.
Package biblatex Info: Redefining '\parencites'.
Package biblatex Info: Redefining '\smartcites'.
)
Package biblatex Info: Trying to load configuration file...
Package biblatex Info: ... file 'biblatex.cfg' found.

(/usr/share/texlive/texmf-dist/tex/latex/biblatex/biblatex.cfg
File: biblatex.cfg 
))
(/usr/share/texlive/texmf-dist/tex/latex/graphics/color.sty
Package: color 2019/11/23 v1.2a Standard LaTeX Color (DPC)

(/usr/share/texlive/texmf-dist/tex/latex/graphics-cfg/color.cfg
File: color.cfg 2016/01/02 v1.6 sample color configuration
)
Package color Info: Driver file: pdftex.def on input line 147.
)
(/usr/share/texlive/texmf-dist/tex/generic/ulem/ulem.sty
\UL@box=\box59
\UL@hyphenbox=\box60
\UL@skip=\skip104
\UL@hook=\toks25
\UL@height=\dimen186
\UL@pe=\count407
\UL@pixel=\dimen187
\ULC@box=\box61
Package: ulem 2019/11/18
\ULdepth=\dimen188
)
(/usr/share/texlive/texmf-dist/tex/latex/psnfss/pifont.sty
Package: pifont 2005/04/12 PSNFSS-v9.2a Pi font support (SPQR) 
LaTeX Font Info:    Trying to load font information for U+pzd on input line 63.


(/usr/share/texlive/texmf-dist/tex/latex/psnfss/upzd.fd
File: upzd.fd 2001/06/04 font definitions for U/pzd.
)
LaTeX Font Info:    Trying to load font information for U+psy on input line 64.


(/usr/share/texlive/texmf-dist/tex/latex/psnfss/upsy.fd
File: upsy.fd 2001/06/04 font definitions for U/psy.
))
(/usr/share/texlive/texmf-dist/tex/latex/adjustbox/adjustbox.sty
Package: adjustbox 2019/01/04 v1.2 Adjusting TeX boxes (trim, clip, ...)

(/usr/share/texlive/texmf-dist/tex/latex/xkeyval/xkeyval.sty
Package: xkeyval 2014/12/03 v2.7a package option processing (HA)

(/usr/share/texlive/texmf-dist/tex/generic/xkeyval/xkeyval.tex
(/usr/share/texlive/texmf-dist/tex/generic/xkeyval/xkvutils.tex
\XKV@toks=\toks26
\XKV@tempa@toks=\toks27
)
\XKV@depth=\count408
File: xkeyval.tex 2014/12/03 v2.7a key=value parser (HA)
))
(/usr/share/texlive/texmf-dist/tex/latex/adjustbox/adjcalc.sty
Package: adjcalc 2012/05/16 v1.1 Provides advanced setlength with multiple back
-ends (calc, etex, pgfmath)
)
(/usr/share/texlive/texmf-dist/tex/latex/adjustbox/trimclip.sty
Package: trimclip 2018/04/08 v1.1 Trim and clip general TeX material

(/usr/share/texlive/texmf-dist/tex/latex/collectbox/collectbox.sty
Package: collectbox 2012/05/17 v0.4b Collect macro arguments as boxes
\collectedbox=\box62
)
\tc@llx=\dimen189
\tc@lly=\dimen190
\tc@urx=\dimen191
\tc@ury=\dimen192
Package trimclip Info: Using driver 'tc-pdftex.def'.

(/usr/share/texlive/texmf-dist/tex/latex/adjustbox/tc-pdftex.def
File: tc-pdftex.def 2019/01/04 v2.2 Clipping driver for pdftex
))
\adjbox@Width=\dimen193
\adjbox@Height=\dimen194
\adjbox@Depth=\dimen195
\adjbox@Totalheight=\dimen196
\adjbox@pwidth=\dimen197
\adjbox@pheight=\dimen198
\adjbox@pdepth=\dimen199
\adjbox@ptotalheight=\dimen256

(/usr/share/texlive/texmf-dist/tex/latex/varwidth/varwidth.sty
Package: varwidth 2009/03/30 ver 0.92;  Variable-width minipages
\@vwid@box=\box63
\sift@deathcycles=\count409
\@vwid@loff=\dimen257
\@vwid@roff=\dimen258
))
(/usr/share/texlive/texmf-dist/tex/latex/soul/soul.sty
Package: soul 2003/11/17 v2.4 letterspacing/underlining (mf)
\SOUL@word=\toks28
\SOUL@lasttoken=\toks29
\SOUL@cmds=\toks30
\SOUL@buffer=\toks31
\SOUL@token=\toks32
\SOUL@spaceskip=\skip105
\SOUL@ttwidth=\dimen259
\SOUL@uldp=\dimen260
\SOUL@ulht=\dimen261
)
(/usr/share/texlive/texmf-dist/tex/latex/xcolor/xcolor.sty
Package: xcolor 2016/05/11 v2.12 LaTeX color extensions (UK)

(/usr/share/texlive/texmf-dist/tex/latex/graphics-cfg/color.cfg
File: color.cfg 2016/01/02 v1.6 sample color configuration
)
Package xcolor Info: Driver file: pdftex.def on input line 225.
LaTeX Info: Redefining \color on input line 709.
Package xcolor Info: Model `cmy' substituted by `cmy0' on input line 1348.
Package xcolor Info: Model `hsb' substituted by `rgb' on input line 1352.
Package xcolor Info: Model `RGB' extended on input line 1364.
Package xcolor Info: Model `HTML' substituted by `rgb' on input line 1366.
Package xcolor Info: Model `Hsb' substituted by `hsb' on input line 1367.
Package xcolor Info: Model `tHsb' substituted by `hsb' on input line 1368.
Package xcolor Info: Model `HSB' substituted by `hsb' on input line 1369.
Package xcolor Info: Model `Gray' substituted by `gray' on input line 1370.
Package xcolor Info: Model `wave' substituted by `hsb' on input line 1371.
)
(/usr/share/texlive/texmf-dist/tex/latex/hyperref/hyperref.sty
Package: hyperref 2020/01/14 v7.00d Hypertext links for LaTeX

(/usr/share/texlive/texmf-dist/tex/generic/kvdefinekeys/kvdefinekeys.sty
Package: kvdefinekeys 2019-12-19 v1.6 Define keys (HO)
)
(/usr/share/texlive/texmf-dist/tex/generic/pdfescape/pdfescape.sty
Package: pdfescape 2019/12/09 v1.15 Implements pdfTeX's escape features (HO)
)
(/usr/share/texlive/texmf-dist/tex/latex/hycolor/hycolor.sty
Package: hycolor 2020-01-27 v1.10 Color options for hyperref/bookmark (HO)
)
(/usr/share/texlive/texmf-dist/tex/latex/letltxmacro/letltxmacro.sty
Package: letltxmacro 2019/12/03 v1.6 Let assignment for LaTeX macros (HO)
)
(/usr/share/texlive/texmf-dist/tex/latex/auxhook/auxhook.sty
Package: auxhook 2019-12-17 v1.6 Hooks for auxiliary files (HO)
)
\@linkdim=\dimen262
\Hy@linkcounter=\count410
\Hy@pagecounter=\count411

(/usr/share/texlive/texmf-dist/tex/latex/hyperref/pd1enc.def
File: pd1enc.def 2020/01/14 v7.00d Hyperref: PDFDocEncoding definition (HO)
Now handling font encoding PD1 ...
... no UTF-8 mapping file for font encoding PD1
)
(/usr/share/texlive/texmf-dist/tex/generic/intcalc/intcalc.sty
Package: intcalc 2019/12/15 v1.3 Expandable calculations with integers (HO)
)
(/usr/share/texlive/texmf-dist/tex/generic/etexcmds/etexcmds.sty
Package: etexcmds 2019/12/15 v1.7 Avoid name clashes with e-TeX commands (HO)
)
\Hy@SavedSpaceFactor=\count412
\pdfmajorversion=\count413
Package hyperref Info: Option `colorlinks' set `true' on input line 4421.
Package hyperref Info: Hyper figures OFF on input line 4547.
Package hyperref Info: Link nesting OFF on input line 4552.
Package hyperref Info: Hyper index ON on input line 4555.
Package hyperref Info: Plain pages OFF on input line 4562.
Package hyperref Info: Backreferencing OFF on input line 4567.
Package hyperref Info: Implicit mode ON; LaTeX internals redefined.
Package hyperref Info: Bookmarks ON on input line 4800.
\c@Hy@tempcnt=\count414
LaTeX Info: Redefining \url on input line 5159.
\XeTeXLinkMargin=\dimen263

(/usr/share/texlive/texmf-dist/tex/generic/bitset/bitset.sty
Package: bitset 2019/12/09 v1.3 Handle bit-vector datatype (HO)

(/usr/share/texlive/texmf-dist/tex/generic/bigintcalc/bigintcalc.sty
Package: bigintcalc 2019/12/15 v1.5 Expandable calculations on big integers (HO
)
))
\Fld@menulength=\count415
\Field@Width=\dimen264
\Fld@charsize=\dimen265
Package hyperref Info: Hyper figures OFF on input line 6430.
Package hyperref Info: Link nesting OFF on input line 6435.
Package hyperref Info: Hyper index ON on input line 6438.
Package hyperref Info: backreferencing OFF on input line 6445.
Package hyperref Info: Link coloring ON on input line 6448.
Package hyperref Info: Link coloring with OCG OFF on input line 6455.
Package hyperref Info: PDF/A mode OFF on input line 6460.
LaTeX Info: Redefining \ref on input line 6500.
LaTeX Info: Redefining \pageref on input line 6504.

(/usr/share/texlive/texmf-dist/tex/generic/atbegshi/atbegshi.sty
Package: atbegshi 2019/12/05 v1.19 At begin shipout hook (HO)
)
\Hy@abspage=\count416
\c@Item=\count417
\c@Hfootnote=\count418
)
Package hyperref Info: Driver (autodetected): hpdftex.

(/usr/share/texlive/texmf-dist/tex/latex/hyperref/hpdftex.def
File: hpdftex.def 2020/01/14 v7.00d Hyperref driver for pdfTeX

(/usr/share/texlive/texmf-dist/tex/latex/atveryend/atveryend.sty
Package: atveryend 2019-12-11 v1.11 Hooks at the very end of document (HO)
)
\Fld@listcount=\count419
\c@bookmark@seq@number=\count420

(/usr/share/texlive/texmf-dist/tex/latex/rerunfilecheck/rerunfilecheck.sty
Package: rerunfilecheck 2019/12/05 v1.9 Rerun checks for auxiliary files (HO)

(/usr/share/texlive/texmf-dist/tex/generic/uniquecounter/uniquecounter.sty
Package: uniquecounter 2019/12/15 v1.4 Provide unlimited unique counter (HO)
)
Package uniquecounter Info: New unique counter `rerunfilecheck' on input line 2
86.
)
\Hy@SectionHShift=\skip106
)
\c@myDef=\count421
\c@myTheo=\count422
\c@myProof=\count423
\c@myLemma=\count424
\@quotelevel=\count425
\@quotereset=\count426

(/usr/share/texlive/texmf-dist/tex/latex/l3backend/l3backend-pdfmode.def
File: l3backend-pdfmode.def 2020-02-03 L3 backend support: PDF mode
\l__kernel_color_stack_int=\count427
\l__pdf_internal_box=\box64
)
(./bare_jrnl_new_sample4.aux)
\openout1 = `bare_jrnl_new_sample4.aux'.

LaTeX Font Info:    Checking defaults for OML/cmm/m/it on input line 38.
LaTeX Font Info:    ... okay on input line 38.
LaTeX Font Info:    Checking defaults for OMS/cmsy/m/n on input line 38.
LaTeX Font Info:    ... okay on input line 38.
LaTeX Font Info:    Checking defaults for OT1/cmr/m/n on input line 38.
LaTeX Font Info:    ... okay on input line 38.
LaTeX Font Info:    Checking defaults for T1/cmr/m/n on input line 38.
LaTeX Font Info:    ... okay on input line 38.
LaTeX Font Info:    Checking defaults for TS1/cmr/m/n on input line 38.
LaTeX Font Info:    ... okay on input line 38.
LaTeX Font Info:    Checking defaults for OMX/cmex/m/n on input line 38.
LaTeX Font Info:    ... okay on input line 38.
LaTeX Font Info:    Checking defaults for U/cmr/m/n on input line 38.
LaTeX Font Info:    ... okay on input line 38.
LaTeX Font Info:    Checking defaults for PD1/pdf/m/n on input line 38.
LaTeX Font Info:    ... okay on input line 38.

-- Lines per column: 58 (exact).
Package caption Info: Begin \AtBeginDocument code.
Package caption Info: subfig package v1.3 is loaded.
Package caption Info: End \AtBeginDocument code.
(/usr/share/texlive/texmf-dist/tex/context/base/mkii/supp-pdf.mkii
[Loading MPS to PDF converter (version 2006.09.02).]
\scratchcounter=\count428
\scratchdimen=\dimen266
\scratchbox=\box65
\nofMPsegments=\count429
\nofMParguments=\count430
\everyMPshowfont=\toks33
\MPscratchCnt=\count431
\MPscratchDim=\dimen267
\MPnumerator=\count432
\makeMPintoPDFobject=\count433
\everyMPtoPDFconversion=\toks34
) (/usr/share/texlive/texmf-dist/tex/latex/epstopdf-pkg/epstopdf-base.sty
Package: epstopdf-base 2020-01-24 v2.11 Base part for package epstopdf
Package epstopdf-base Info: Redefining graphics rule for `.eps' on input line 4
85.

(/usr/share/texlive/texmf-dist/tex/latex/latexconfig/epstopdf-sys.cfg
File: epstopdf-sys.cfg 2010/07/13 v1.3 Configuration of (r)epstopdf for TeX Liv
e
))
Package biblatex Info: Trying to load language 'english'...
Package biblatex Info: ... file 'english.lbx' found.

(/usr/share/texlive/texmf-dist/tex/latex/biblatex/lbx/english.lbx
File: english.lbx 2019/12/01 v3.14 biblatex localization (PK/MW)
)
Package biblatex Info: Input encoding 'utf8' detected.
Package biblatex Info: Automatic encoding selection.
(biblatex)             Assuming data encoding 'utf8'.
Package biblatex Info: Input encoding 'utf8' specified.
Package biblatex Info: Data encoding 'utf8' specified.
(biblatex)             No need to reencode data.
\openout3 = `bare_jrnl_new_sample4-blx.bib'.

Package biblatex Info: Trying to load bibliographic data...
Package biblatex Info: ... file 'bare_jrnl_new_sample4.bbl' found.

(./bare_jrnl_new_sample4.bbl)
Package biblatex Info: Reference section=0 on input line 38.
Package biblatex Info: Reference segment=0 on input line 38.
\AtBeginShipoutBox=\box66
Package hyperref Info: Link coloring ON on input line 38.

(/usr/share/texlive/texmf-dist/tex/latex/hyperref/nameref.sty
Package: nameref 2019/09/16 v2.46 Cross-referencing by name of section

(/usr/share/texlive/texmf-dist/tex/latex/refcount/refcount.sty
Package: refcount 2019/12/15 v3.6 Data extraction from label references (HO)
)
(/usr/share/texlive/texmf-dist/tex/generic/gettitlestring/gettitlestring.sty
Package: gettitlestring 2019/12/15 v1.6 Cleanup title references (HO)
)
\c@section@level=\count434
)
LaTeX Info: Redefining \ref on input line 38.
LaTeX Info: Redefining \pageref on input line 38.
LaTeX Info: Redefining \nameref on input line 38.

(./bare_jrnl_new_sample4.out) (./bare_jrnl_new_sample4.out)
\@outlinefile=\write4
\openout4 = `bare_jrnl_new_sample4.out'.

LaTeX Font Info:    Calculating math sizes for size <11> on input line 57.
LaTeX Font Info:    Trying to load font information for U+msa on input line 57.


(/usr/share/texlive/texmf-dist/tex/latex/amsfonts/umsa.fd
File: umsa.fd 2013/01/14 v3.01 AMS symbols A
)
LaTeX Font Info:    Trying to load font information for U+msb on input line 57.


(/usr/share/texlive/texmf-dist/tex/latex/amsfonts/umsb.fd
File: umsb.fd 2013/01/14 v3.01 AMS symbols B
)
LaTeX Font Info:    Trying to load font information for OML+ptm on input line 6
0.

(/usr/share/texlive/texmf-dist/tex/latex/psnfss/omlptm.fd
File: omlptm.fd 
)
LaTeX Font Info:    Font shape `OML/ptm/b/n' in size <9> not available
(Font)              Font shape `OML/cmm/b/it' tried instead on input line 60.
<50_RJ.png, id=104, 1284.8pt x 1284.8pt>
File: 50_RJ.png Graphic file (type png)
<use 50_RJ.png>
Package pdftex.def Info: 50_RJ.png  used on input line 77.
(pdftex.def)             Requested size: 119.50148pt x 119.48907pt.
<100_RJ.png, id=106, 1284.8pt x 1284.8pt>
File: 100_RJ.png Graphic file (type png)
<use 100_RJ.png>
Package pdftex.def Info: 100_RJ.png  used on input line 82.
(pdftex.def)             Requested size: 119.50148pt x 119.48907pt.
<200_RJ.png, id=107, 1284.8pt x 1284.8pt>
File: 200_RJ.png Graphic file (type png)
<use 200_RJ.png>
Package pdftex.def Info: 200_RJ.png  used on input line 87.
(pdftex.def)             Requested size: 119.50148pt x 119.48907pt.
<400_RJ.png, id=108, 1284.8pt x 1284.8pt>
File: 400_RJ.png Graphic file (type png)
<use 400_RJ.png>
Package pdftex.def Info: 400_RJ.png  used on input line 92.
(pdftex.def)             Requested size: 119.50148pt x 119.48907pt.
 [1{/var/lib/texmf/fonts/map/pdftex/updmap/pdftex.map}


 <./50_RJ.png> <./100_RJ.png> <./200_RJ.png> <./400_RJ.png>]

Package hyperref Warning: Token not allowed in a PDF string (PDFDocEncoding):
(hyperref)                removing `math shift' on input line 137.


Package hyperref Warning: Token not allowed in a PDF string (PDFDocEncoding):
(hyperref)                removing `\epsilon' on input line 137.


Package hyperref Warning: Token not allowed in a PDF string (PDFDocEncoding):
(hyperref)                removing `math shift' on input line 137.


Package hyperref Warning: Token not allowed in a PDF string (PDFDocEncoding):
(hyperref)                removing `\cite' on input line 137.

<empty_closed.png, id=143, 451.6875pt x 451.6875pt>
File: empty_closed.png Graphic file (type png)
<use empty_closed.png>
Package pdftex.def Info: empty_closed.png  used on input line 156.
(pdftex.def)             Requested size: 113.81102pt x 113.81068pt.
<tangent_closed.png, id=144, 451.6875pt x 451.6875pt>
File: tangent_closed.png Graphic file (type png)
<use tangent_closed.png>
Package pdftex.def Info: tangent_closed.png  used on input line 161.
(pdftex.def)             Requested size: 113.81102pt x 113.81068pt.
<path_intersect.png, id=147, 451.6875pt x 451.6875pt>
File: path_intersect.png Graphic file (type png)
<use path_intersect.png>
Package pdftex.def Info: path_intersect.png  used on input line 193.
(pdftex.def)             Requested size: 113.81102pt x 113.81068pt.
<path_no_intersect.png, id=148, 451.6875pt x 451.6875pt>
File: path_no_intersect.png Graphic file (type png)
<use path_no_intersect.png>
Package pdftex.def Info: path_no_intersect.png  used on input line 198.
(pdftex.def)             Requested size: 113.81102pt x 113.81068pt.
<example_3d.png, id=150, 285.065pt x 214.8025pt>
File: example_3d.png Graphic file (type png)
<use example_3d.png>
Package pdftex.def Info: example_3d.png  used on input line 224.
(pdftex.def)             Requested size: 85.35826pt x 64.3167pt.
[2 <./empty_closed.png> <./tangent_closed.png> <./path_intersect.png> <./path_n
o_intersect.png>]
<taut_a.png, id=193, 300.12125pt x 300.12125pt>
File: taut_a.png Graphic file (type png)
<use taut_a.png>
Package pdftex.def Info: taut_a.png  used on input line 260.
(pdftex.def)             Requested size: 68.28644pt x 68.28455pt.
<taut_b.png, id=194, 300.12125pt x 301.125pt>
File: taut_b.png Graphic file (type png)
<use taut_b.png>
Package pdftex.def Info: taut_b.png  used on input line 265.
(pdftex.def)             Requested size: 68.28644pt x 68.51292pt.
<taut_c.png, id=195, 300.12125pt x 300.12125pt>
File: taut_c.png Graphic file (type png)
<use taut_c.png>
Package pdftex.def Info: taut_c.png  used on input line 270.
(pdftex.def)             Requested size: 68.28644pt x 68.28455pt.
<overlap_wp.png, id=198, 451.6875pt x 451.6875pt>
File: overlap_wp.png Graphic file (type png)
<use overlap_wp.png>
Package pdftex.def Info: overlap_wp.png  used on input line 283.
(pdftex.def)             Requested size: 76.82234pt x 76.82031pt.
<line_intersect.png, id=199, 451.6875pt x 451.6875pt>
File: line_intersect.png Graphic file (type png)
<use line_intersect.png>
Package pdftex.def Info: line_intersect.png  used on input line 288.
(pdftex.def)             Requested size: 76.82234pt x 76.82031pt.
<map.png, id=203, 516.9714pt x 516.9714pt>
File: map.png Graphic file (type png)
<use map.png>
Package pdftex.def Info: map.png  used on input line 308.
(pdftex.def)             Requested size: 119.50148pt x 119.50043pt.
<map1.png, id=204, 1146.53343pt x 1156.32pt>
File: map1.png Graphic file (type png)
<use map1.png>
Package pdftex.def Info: map1.png  used on input line 313.
(pdftex.def)             Requested size: 119.50148pt x 120.50851pt.
<map2.png, id=205, 639.89063pt x 645.91313pt>
File: map2.png Graphic file (type png)
<use map2.png>
Package pdftex.def Info: map2.png  used on input line 318.
(pdftex.def)             Requested size: 119.50148pt x 120.62547pt.
<map3.png, id=206, 639.89063pt x 648.92438pt>
File: map3.png Graphic file (type png)
<use map3.png>
Package pdftex.def Info: map3.png  used on input line 323.
(pdftex.def)             Requested size: 119.50148pt x 121.18784pt.
<map4.png, id=207, 640.64343pt x 647.41875pt>
File: map4.png Graphic file (type png)
<use map4.png>
Package pdftex.def Info: map4.png  used on input line 328.
(pdftex.def)             Requested size: 119.50148pt x 120.75847pt.
<map5.png, id=208, 638.385pt x 642.14906pt>
File: map5.png Graphic file (type png)
<use map5.png>
Package pdftex.def Info: map5.png  used on input line 333.
(pdftex.def)             Requested size: 119.50148pt x 120.19688pt.
<map6.png, id=209, 644.4075pt x 647.41875pt>
File: map6.png Graphic file (type png)
<use map6.png>
Package pdftex.def Info: map6.png  used on input line 338.
(pdftex.def)             Requested size: 119.50148pt x 120.05707pt.
<map7.png, id=210, 642.14906pt x 643.6547pt>
File: map7.png Graphic file (type png)
<use map7.png>
Package pdftex.def Info: map7.png  used on input line 343.
(pdftex.def)             Requested size: 119.50148pt x 119.78139pt.
 [3 <./example_3d.png> <./taut_a.png> <./taut_b.png> <./taut_c.png> <./overlap_
wp.png> <./line_intersect.png>]
Underfull \vbox (badness 1867) has occurred while \output is active []

 [4 <./map.png> <./map1.png (PNG copy)> <./map2.png (PNG copy)> <./map3.png (PN
G copy)> <./map4.png (PNG copy)> <./map5.png (PNG copy)> <./map6.png (PNG copy)
> <./map7.png (PNG copy)>]
<no_expansion.png, id=270, 353.03896pt x 244.81462pt>
File: no_expansion.png Graphic file (type png)
<use no_expansion.png>
Package pdftex.def Info: no_expansion.png  used on input line 463.
(pdftex.def)             Requested size: 130.88284pt x 90.7593pt.
<with_expansion.png, id=271, 353.94232pt x 244.9953pt>
File: with_expansion.png Graphic file (type png)
<use with_expansion.png>
Package pdftex.def Info: with_expansion.png  used on input line 468.
(pdftex.def)             Requested size: 130.88284pt x 90.5945pt.
<Berlin_1_256.png, id=283, 516.9714pt x 516.9714pt>
File: Berlin_1_256.png Graphic file (type png)
<use Berlin_1_256.png>
Package pdftex.def Info: Berlin_1_256.png  used on input line 527.
(pdftex.def)             Requested size: 59.75095pt x 59.74626pt.
<Boston_2_256.png, id=284, 516.9714pt x 516.9714pt>
File: Boston_2_256.png Graphic file (type png)
<use Boston_2_256.png>
Package pdftex.def Info: Boston_2_256.png  used on input line 532.
(pdftex.def)             Requested size: 59.75095pt x 59.74626pt.
<Denver_2_256.png, id=285, 516.9714pt x 516.9714pt>
File: Denver_2_256.png Graphic file (type png)
<use Denver_2_256.png>
Package pdftex.def Info: Denver_2_256.png  used on input line 537.
(pdftex.def)             Requested size: 59.75095pt x 59.74626pt.
<London_2_256.png, id=286, 516.9714pt x 516.9714pt>
File: London_2_256.png Graphic file (type png)
<use London_2_256.png>
Package pdftex.def Info: London_2_256.png  used on input line 542.
(pdftex.def)             Requested size: 59.75095pt x 59.74626pt.
<Milan_2_256.png, id=287, 516.9714pt x 516.9714pt>
File: Milan_2_256.png Graphic file (type png)
<use Milan_2_256.png>
Package pdftex.def Info: Milan_2_256.png  used on input line 548.
(pdftex.def)             Requested size: 59.75095pt x 59.74626pt.
<Moscow_2_256.png, id=288, 516.9714pt x 516.9714pt>
File: Moscow_2_256.png Graphic file (type png)
<use Moscow_2_256.png>
Package pdftex.def Info: Moscow_2_256.png  used on input line 553.
(pdftex.def)             Requested size: 59.75095pt x 59.74626pt.
<Paris_0_256.png, id=289, 516.9714pt x 516.9714pt>
File: Paris_0_256.png Graphic file (type png)
<use Paris_0_256.png>
Package pdftex.def Info: Paris_0_256.png  used on input line 558.
(pdftex.def)             Requested size: 59.75095pt x 59.74626pt.
<Sydney_1_256.png, id=290, 516.9714pt x 516.9714pt>
File: Sydney_1_256.png Graphic file (type png)
<use Sydney_1_256.png>
Package pdftex.def Info: Sydney_1_256.png  used on input line 563.
(pdftex.def)             Requested size: 59.75095pt x 59.74626pt.


LaTeX Warning: Citation '19' on page 5 undefined on input line 575.

[5 <./no_expansion.png> <./with_expansion.png>]
<pre_time_cost.png, id=330, 353.58098pt x 244.9953pt>
File: pre_time_cost.png Graphic file (type png)
<use pre_time_cost.png>
Package pdftex.def Info: pre_time_cost.png  used on input line 587.
(pdftex.def)             Requested size: 130.88284pt x 90.68796pt.
<pre_file_size.png, id=331, 353.58098pt x 244.9953pt>
File: pre_file_size.png Graphic file (type png)
<use pre_file_size.png>
Package pdftex.def Info: pre_file_size.png  used on input line 592.
(pdftex.def)             Requested size: 130.88284pt x 90.68796pt.
<HsAs_time_and_count.png, id=333, 1964.33875pt x 1361.085pt>
File: HsAs_time_and_count.png Graphic file (type png)
<use HsAs_time_and_count.png>
Package pdftex.def Info: HsAs_time_and_count.png  used on input line 625.
(pdftex.def)             Requested size: 130.88284pt x 90.67508pt.
<HsTs_time_and_count.png, id=334, 1964.33875pt x 1361.085pt>
File: HsTs_time_and_count.png Graphic file (type png)
<use HsTs_time_and_count.png>
Package pdftex.def Info: HsTs_time_and_count.png  used on input line 630.
(pdftex.def)             Requested size: 130.88284pt x 90.67508pt.
<RHCF_time_and_count.png, id=335, 1964.33875pt x 1359.0775pt>
File: RHCF_time_and_count.png Graphic file (type png)
<use RHCF_time_and_count.png>
Package pdftex.def Info: RHCF_time_and_count.png  used on input line 635.
(pdftex.def)             Requested size: 130.88284pt x 90.54134pt.
<RJ_time_and_count.png, id=336, 1964.33875pt x 1361.085pt>
File: RJ_time_and_count.png Graphic file (type png)
<use RJ_time_and_count.png>
Package pdftex.def Info: RJ_time_and_count.png  used on input line 640.
(pdftex.def)             Requested size: 130.88284pt x 90.67508pt.
<HsAs_succ_and_count.png, id=337, 1964.33875pt x 1360.08125pt>
File: HsAs_succ_and_count.png Graphic file (type png)
<use HsAs_succ_and_count.png>
Package pdftex.def Info: HsAs_succ_and_count.png  used on input line 653.
(pdftex.def)             Requested size: 130.88284pt x 90.60822pt.
<HsTs_succ_and_count.png, id=338, 1964.33875pt x 1360.08125pt>
File: HsTs_succ_and_count.png Graphic file (type png)
<use HsTs_succ_and_count.png>
Package pdftex.def Info: HsTs_succ_and_count.png  used on input line 658.
(pdftex.def)             Requested size: 130.88284pt x 90.60822pt.
<RHCF_succ_and_count.png, id=339, 1964.33875pt x 1360.08125pt>
File: RHCF_succ_and_count.png Graphic file (type png)
<use RHCF_succ_and_count.png>
Package pdftex.def Info: RHCF_succ_and_count.png  used on input line 663.
(pdftex.def)             Requested size: 130.88284pt x 90.60822pt.
<RJ_succ_and_count.png, id=340, 1964.33875pt x 1360.08125pt>
File: RJ_succ_and_count.png Graphic file (type png)
<use RJ_succ_and_count.png>
Package pdftex.def Info: RJ_succ_and_count.png  used on input line 668.
(pdftex.def)             Requested size: 130.88284pt x 90.60822pt.
<comparison_time_and_count.png, id=341, 1964.33875pt x 1361.085pt>
File: comparison_time_and_count.png Graphic file (type png)
<use comparison_time_and_count.png>
Package pdftex.def Info: comparison_time_and_count.png  used on input line 681.

(pdftex.def)             Requested size: 130.88284pt x 90.67508pt.
<comparison_succ_and_count.png, id=342, 1964.33875pt x 1360.08125pt>
File: comparison_succ_and_count.png Graphic file (type png)
<use comparison_succ_and_count.png>
Package pdftex.def Info: comparison_succ_and_count.png  used on input line 686.

(pdftex.def)             Requested size: 130.88284pt x 90.60822pt.
 [6 <./Berlin_1_256.png> <./Boston_2_256.png> <./Denver_2_256.png> <./London_2_
256.png> <./Milan_2_256.png> <./Moscow_2_256.png> <./Paris_0_256.png> <./Sydney
_1_256.png> <./pre_time_cost.png> <./pre_file_size.png>]
<HsAs_scale_cost_method_path_count.png, id=372, 1964.33875pt x 1361.085pt>
File: HsAs_scale_cost_method_path_count.png Graphic file (type png)
<use HsAs_scale_cost_method_path_count.png>
Package pdftex.def Info: HsAs_scale_cost_method_path_count.png  used on input l
ine 714.
(pdftex.def)             Requested size: 130.88284pt x 90.67508pt.
<HsTs_scale_cost_method_path_count.png, id=373, 1964.33875pt x 1361.085pt>
File: HsTs_scale_cost_method_path_count.png Graphic file (type png)
<use HsTs_scale_cost_method_path_count.png>
Package pdftex.def Info: HsTs_scale_cost_method_path_count.png  used on input l
ine 719.
(pdftex.def)             Requested size: 130.88284pt x 90.67508pt.
<RHCF_scale_cost_method_path_count.png, id=374, 1964.33875pt x 1361.085pt>
File: RHCF_scale_cost_method_path_count.png Graphic file (type png)
<use RHCF_scale_cost_method_path_count.png>
Package pdftex.def Info: RHCF_scale_cost_method_path_count.png  used on input l
ine 724.
(pdftex.def)             Requested size: 130.88284pt x 90.67508pt.
<RJ_scale_cost_method_path_count.png, id=375, 1964.33875pt x 1361.085pt>
File: RJ_scale_cost_method_path_count.png Graphic file (type png)
<use RJ_scale_cost_method_path_count.png>
Package pdftex.def Info: RJ_scale_cost_method_path_count.png  used on input lin
e 729.
(pdftex.def)             Requested size: 130.88284pt x 90.67508pt.
<HsAs_scale_succ_method_path_count.png, id=376, 1964.33875pt x 1360.08125pt>
File: HsAs_scale_succ_method_path_count.png Graphic file (type png)
<use HsAs_scale_succ_method_path_count.png>
Package pdftex.def Info: HsAs_scale_succ_method_path_count.png  used on input l
ine 742.
(pdftex.def)             Requested size: 130.88284pt x 90.60822pt.
<HsTs_scale_succ_method_path_count.png, id=377, 1964.33875pt x 1360.08125pt>
File: HsTs_scale_succ_method_path_count.png Graphic file (type png)
<use HsTs_scale_succ_method_path_count.png>
Package pdftex.def Info: HsTs_scale_succ_method_path_count.png  used on input l
ine 747.
(pdftex.def)             Requested size: 130.88284pt x 90.60822pt.
<RHCF_scale_succ_method_path_count.png, id=378, 1964.33875pt x 1360.08125pt>
File: RHCF_scale_succ_method_path_count.png Graphic file (type png)
<use RHCF_scale_succ_method_path_count.png>
Package pdftex.def Info: RHCF_scale_succ_method_path_count.png  used on input l
ine 752.
(pdftex.def)             Requested size: 130.88284pt x 90.60822pt.
<RJ_scale_succ_method_path_count.png, id=379, 1964.33875pt x 1360.08125pt>
File: RJ_scale_succ_method_path_count.png Graphic file (type png)
<use RJ_scale_succ_method_path_count.png>
Package pdftex.def Info: RJ_scale_succ_method_path_count.png  used on input lin
e 757.
(pdftex.def)             Requested size: 130.88284pt x 90.60822pt.
<method_path_length.png, id=380, 2123.935pt x 1286.8075pt>
File: method_path_length.png Graphic file (type png)
<use method_path_length.png>
Package pdftex.def Info: method_path_length.png  used on input line 768.
(pdftex.def)             Requested size: 130.88284pt x 79.28644pt.
 [7 <./HsAs_time_and_count.png> <./HsTs_time_and_count.png> <./RHCF_time_and_co
unt.png> <./RJ_time_and_count.png> <./HsAs_succ_and_count.png> <./HsTs_succ_and
_count.png> <./RHCF_succ_and_count.png> <./RJ_succ_and_count.png> <./comparison
_time_and_count.png> <./comparison_succ_and_count.png>]
Underfull \vbox (badness 2229) has occurred while \output is active []

 [8 <./HsAs_scale_cost_method_path_count.png> <./HsTs_scale_cost_method_path_co
unt.png> <./RHCF_scale_cost_method_path_count.png> <./RJ_scale_cost_method_path
_count.png> <./HsAs_scale_succ_method_path_count.png> <./HsTs_scale_succ_method
_path_count.png> <./RHCF_scale_succ_method_path_count.png> <./RJ_scale_succ_met
hod_path_count.png> <./method_path_length.png>]
Underfull \hbox (badness 3039) in paragraph at lines 814--814
\OT1/ptm/m/n/10 for socially-aware nav-i-ga-tion''. In: \OT1/ptm/m/it/10 arXiv 
preprint
 []


Underfull \hbox (badness 1960) in paragraph at lines 814--814
[]\OT1/ptm/m/n/10 Jacob J Rice and Joseph M Schim-mels. ``Multi-
 []

Package atveryend Info: Empty hook `BeforeClearDocument' on input line 895.
[9]
Package atveryend Info: Empty hook `AfterLastShipout' on input line 895.
 (./bare_jrnl_new_sample4.aux)
Package atveryend Info: Executing hook `AtVeryEndDocument' on input line 895.
Package atveryend Info: Executing hook `AtEndAfterFileList' on input line 895.


Package rerunfilecheck Warning: File `bare_jrnl_new_sample4.out' has changed.
(rerunfilecheck)                Rerun to get outlines right
(rerunfilecheck)                or use package `bookmark'.

Package rerunfilecheck Info: Checksums for `bare_jrnl_new_sample4.out':
(rerunfilecheck)             Before: C5D7A93446B3A5EA29F14936B8775A10;1703
(rerunfilecheck)             After:  D34FA8DE2596AF789DFBAE93B179D730;1654.

LaTeX Warning: There were undefined references.


LaTeX Warning: Label(s) may have changed. Rerun to get cross-references right.


Package biblatex Warning: Please (re)run BibTeX on the file(s):
(biblatex)                bare_jrnl_new_sample4
(biblatex)                and rerun LaTeX afterwards.

Package logreq Info: Writing requests to 'bare_jrnl_new_sample4.run.xml'.
\openout1 = `bare_jrnl_new_sample4.run.xml'.

 ) 
Here is how much of TeX's memory you used:
 18386 strings out of 481239
 316758 string characters out of 5920377
 975874 words of memory out of 5000000
 33177 multiletter control sequences out of 15000+600000
 579622 words of font info for 118 fonts, out of 8000000 for 9000
 1141 hyphenation exceptions out of 8191
 41i,24n,46p,3469b,1550s stack positions out of 5000i,500n,10000p,200000b,80000s
pdfTeX warning (dest): name{section.5} has been referenced but does not exist
, replaced by a fixed one

pdfTeX warning (dest): name{subsubsection.4.2.3} has been referenced but does n
ot exist, replaced by a fixed one

pdfTeX warning (dest): name{subsection.4.2} has been referenced but does not ex
ist, replaced by a fixed one

pdfTeX warning (dest): name{subsection.4.1} has been referenced but does not ex
ist, replaced by a fixed one

pdfTeX warning (dest): name{subsubsection.3.3.1} has been referenced but does n
ot exist, replaced by a fixed one

pdfTeX warning (dest): name{subsection.3.3} has been referenced but does not ex
ist, replaced by a fixed one

pdfTeX warning (dest): name{subsubsection.3.1.8} has been referenced but does n
ot exist, replaced by a fixed one

pdfTeX warning (dest): name{subsubsection.3.1.7} has been referenced but does n
ot exist, replaced by a fixed one

pdfTeX warning (dest): name{subsubsection.3.1.6} has been referenced but does n
ot exist, replaced by a fixed one

pdfTeX warning (dest): name{subsubsection.3.1.5} has been referenced but does n
ot exist, replaced by a fixed one

pdfTeX warning (dest): name{subsubsection.3.1.4} has been referenced but does n
ot exist, replaced by a fixed one

pdfTeX warning (dest): name{subsubsection.3.1.3} has been referenced but does n
ot exist, replaced by a fixed one

pdfTeX warning (dest): name{subsubsection.3.1.2} has been referenced but does n
ot exist, replaced by a fixed one

pdfTeX warning (dest): name{subsubsection.3.1.1} has been referenced but does n
ot exist, replaced by a fixed one

{/usr/share/texlive/texmf-dist/fonts/enc/dvips/base/8r.enc}</usr/share/texlive/
texmf-dist/fonts/type1/public/amsfonts/cm/cmmi10.pfb></usr/share/texlive/texmf-
dist/fonts/type1/public/amsfonts/cm/cmmi6.pfb></usr/share/texlive/texmf-dist/fo
nts/type1/public/amsfonts/cm/cmmi7.pfb></usr/share/texlive/texmf-dist/fonts/typ
e1/public/amsfonts/cm/cmmi8.pfb></usr/share/texlive/texmf-dist/fonts/type1/publ
ic/amsfonts/cmextra/cmmib9.pfb></usr/share/texlive/texmf-dist/fonts/type1/publi
c/amsfonts/cm/cmr10.pfb></usr/share/texlive/texmf-dist/fonts/type1/public/amsfo
nts/cm/cmr6.pfb></usr/share/texlive/texmf-dist/fonts/type1/public/amsfonts/cm/c
mr7.pfb></usr/share/texlive/texmf-dist/fonts/type1/public/amsfonts/cm/cmr8.pfb>
</usr/share/texlive/texmf-dist/fonts/type1/public/amsfonts/cm/cmsy10.pfb></usr/
share/texlive/texmf-dist/fonts/type1/public/amsfonts/cm/cmsy6.pfb></usr/share/t
exlive/texmf-dist/fonts/type1/public/amsfonts/cm/cmsy7.pfb></usr/share/texlive/
texmf-dist/fonts/type1/public/amsfonts/cm/cmsy8.pfb></usr/share/texlive/texmf-d
ist/fonts/type1/public/amsfonts/symbols/msbm10.pfb></usr/share/texlive/texmf-di
st/fonts/type1/urw/times/utmb8a.pfb></usr/share/texlive/texmf-dist/fonts/type1/
urw/times/utmbi8a.pfb></usr/share/texlive/texmf-dist/fonts/type1/urw/times/utmr
8a.pfb></usr/share/texlive/texmf-dist/fonts/type1/urw/times/utmri8a.pfb>
Output written on bare_jrnl_new_sample4.pdf (9 pages, 5854072 bytes).
PDF statistics:
 531 PDF objects out of 1000 (max. 8388607)
 394 compressed objects within 4 object streams
 141 named destinations out of 1000 (max. 500000)
 466 words of extra memory for PDF output out of 10000 (max. 10000000)

