\BOOKMARK [1][-]{section.1}{Introduction}{}% 1
\BOOKMARK [1][-]{section.2}{Methodology}{}% 2
\BOOKMARK [2][-]{subsection.2.1}{Definitions}{section.2}% 3
\BOOKMARK [3][-]{subsubsection.2.1.1}{Grid space}{subsection.2.1}% 4
\BOOKMARK [3][-]{subsubsection.2.1.2}{Distance metrics}{subsection.2.1}% 5
\BOOKMARK [3][-]{subsubsection.2.1.3}{Grid states}{subsection.2.1}% 6
\BOOKMARK [3][-]{subsubsection.2.1.4}{Path}{subsection.2.1}% 7
\BOOKMARK [3][-]{subsubsection.2.1.5}{-neighboring region of path liu1991proposal}{subsection.2.1}% 8
\BOOKMARK [3][-]{subsubsection.2.1.6}{Locally shortest path}{subsection.2.1}% 9
\BOOKMARK [3][-]{subsubsection.2.1.7}{Smooth transformation}{subsection.2.1}% 10
\BOOKMARK [3][-]{subsubsection.2.1.8}{Topology about path}{subsection.2.1}% 11
\BOOKMARK [2][-]{subsection.2.2}{Theory basis}{section.2}% 12
\BOOKMARK [2][-]{subsection.2.3}{Algorithm}{section.2}% 13
\BOOKMARK [3][-]{subsubsection.2.3.1}{Construction of tangent graph}{subsection.2.3}% 14
\BOOKMARK [3][-]{figure.6}{Loop avoidance}{subsection.2.3}% 15
\BOOKMARK [3][-]{table.1}{Path search}{subsection.2.3}% 16
\BOOKMARK [3][-]{figure.8}{Expansion reduction}{subsection.2.3}% 17
\BOOKMARK [1][-]{section.3}{Results}{}% 18
\BOOKMARK [2][-]{subsection.3.1}{Construction of tangent graph}{section.3}% 19
\BOOKMARK [2][-]{subsection.3.2}{Comparison with other methods}{section.3}% 20
\BOOKMARK [3][-]{figure.13}{Time cost and success rate}{subsection.3.2}% 21
\BOOKMARK [3][-]{figure.16}{Path length}{subsection.3.2}% 22
\BOOKMARK [3][-]{subsubsection.3.2.3}{Map scale and time cost}{subsection.3.2}% 23
\BOOKMARK [1][-]{section.4}{Discussion and conclusion}{}% 24
